#
# There is insufficient memory for the Java Runtime Environment to continue.
# Native memory allocation (mmap) failed to map 528482304 bytes. Error detail: G1 virtual space
# Possible reasons:
#   The system is out of physical RAM or swap space
#   This process is running with CompressedOops enabled, and the Java Heap may be blocking the growth of the native heap
# Possible solutions:
#   Reduce memory load on the system
#   Increase physical memory or swap space
#   Check if swap backing store is full
#   Decrease Java heap size (-Xmx/-Xms)
#   Decrease number of Java threads
#   Decrease Java thread stack sizes (-Xss)
#   Set larger code cache with -XX:ReservedCodeCacheSize=
#   JVM is running with Zero Based Compressed Oops mode in which the Java heap is
#     placed in the first 32GB address space. The Java Heap base address is the
#     maximum limit for the native heap growth. Please use -XX:HeapBaseMinAddress
#     to set the Java Heap base and to place the Java Heap above 32GB virtual address.
# This output file may be truncated or incomplete.
#
#  Out of Memory Error (os_windows.cpp:3631), pid=16252, tid=28380
#
# JRE version: OpenJDK Runtime Environment Temurin-22.0.2+9 (22.0.2+9) (build 22.0.2+9)
# Java VM: OpenJDK 64-Bit Server VM Temurin-22.0.2+9 (22.0.2+9, mixed mode, tiered, compressed oops, compressed class ptrs, g1 gc, windows-amd64)
# No core dump will be written. Minidumps are not enabled by default on client versions of Windows
#

---------------  S U M M A R Y ------------

Command Line: -Dfile.encoding=UTF-8 -Dstdout.encoding=UTF-8 -Dstderr.encoding=UTF-8 --module-path=C:\Users\theca\Documents\GitHub\CS-114-Code\Lab12b\bin -XX:+ShowCodeDetailsInExceptionMessages -Djdk.module.main=Lab12b Lab12b/lab12b.Q9Final

Host: 11th Gen Intel(R) Core(TM) i7-11800H @ 2.30GHz, 16 cores, 15G,  Windows 11 , 64 bit Build 26100 (10.0.26100.2454)
Time: Mon Dec 16 13:53:08 2024 Eastern Standard Time elapsed time: 2.414392 seconds (0d 0h 0m 2s)

---------------  T H R E A D  ---------------

Current thread (0x000001a1dd956090):  VMThread "VM Thread"          [id=28380, stack(0x00000043adc00000,0x00000043add00000) (1024K)]

Stack: [0x00000043adc00000,0x00000043add00000]
Native frames: (J=compiled Java code, j=interpreted, Vv=VM code, C=native code)
V  [jvm.dll+0x6ea6a9]  (no source info available)
V  [jvm.dll+0x8cdbf3]  (no source info available)
V  [jvm.dll+0x8d001e]  (no source info available)
V  [jvm.dll+0x8d06f3]  (no source info available)
V  [jvm.dll+0x286dc6]  (no source info available)
V  [jvm.dll+0x6e6d35]  (no source info available)
V  [jvm.dll+0x6db9ba]  (no source info available)
V  [jvm.dll+0x36037a]  (no source info available)
V  [jvm.dll+0x368846]  (no source info available)
V  [jvm.dll+0x3ba7be]  (no source info available)
V  [jvm.dll+0x3baa68]  (no source info available)
V  [jvm.dll+0x333d1c]  (no source info available)
V  [jvm.dll+0x333da7]  (no source info available)
V  [jvm.dll+0x378f8c]  (no source info available)
V  [jvm.dll+0x377690]  (no source info available)
V  [jvm.dll+0x333417]  (no source info available)
V  [jvm.dll+0x376da4]  (no source info available)
V  [jvm.dll+0x8d64df]  (no source info available)
V  [jvm.dll+0x8d7866]  (no source info available)
V  [jvm.dll+0x8d7de0]  (no source info available)
V  [jvm.dll+0x8d8083]  (no source info available)
V  [jvm.dll+0x875e6b]  (no source info available)
V  [jvm.dll+0x6e8da5]  (no source info available)
C  [ucrtbase.dll+0x14ea0]  (no source info available)
C  [KERNEL32.DLL+0x2e8d7]  (no source info available)
C  [ntdll.dll+0xdfbcc]  (no source info available)

VM_Operation (0x00000043ad5ff450): G1CollectForAllocation, mode: safepoint, requested by thread 0x000001a1c039feb0


---------------  P R O C E S S  ---------------

Threads class SMR info:
_java_thread_list=0x000001a1e25b5c00, length=17, elements={
0x000001a1c039feb0, 0x000001a1dd9cde80, 0x000001a1dd9d0500, 0x000001a1dd9d3eb0,
0x000001a1dd9d4520, 0x000001a1dd9dd310, 0x000001a1dd9fcd30, 0x000001a1dda11030,
0x000001a1dda1cdc0, 0x000001a1dd8e2f80, 0x000001a1ddbff930, 0x000001a1ddd3d680,
0x000001a1e2147680, 0x000001a1e206f660, 0x000001a1e2070130, 0x000001a1e20f7ee0,
0x000001a1e20f8dc0
}

Java Threads: ( => current thread )
  0x000001a1c039feb0 JavaThread "main"                              [_thread_blocked, id=33612, stack(0x00000043ad500000,0x00000043ad600000) (1024K)]
  0x000001a1dd9cde80 JavaThread "Reference Handler"          daemon [_thread_blocked, id=36216, stack(0x00000043add00000,0x00000043ade00000) (1024K)]
  0x000001a1dd9d0500 JavaThread "Finalizer"                  daemon [_thread_blocked, id=37868, stack(0x00000043ade00000,0x00000043adf00000) (1024K)]
  0x000001a1dd9d3eb0 JavaThread "Signal Dispatcher"          daemon [_thread_blocked, id=29968, stack(0x00000043adf00000,0x00000043ae000000) (1024K)]
  0x000001a1dd9d4520 JavaThread "Attach Listener"            daemon [_thread_blocked, id=33892, stack(0x00000043ae000000,0x00000043ae100000) (1024K)]
  0x000001a1dd9dd310 JavaThread "Service Thread"             daemon [_thread_blocked, id=23560, stack(0x00000043ae100000,0x00000043ae200000) (1024K)]
  0x000001a1dd9fcd30 JavaThread "Monitor Deflation Thread"   daemon [_thread_blocked, id=2904, stack(0x00000043ae200000,0x00000043ae300000) (1024K)]
  0x000001a1dda11030 JavaThread "C2 CompilerThread0"         daemon [_thread_blocked, id=40380, stack(0x00000043ae300000,0x00000043ae400000) (1024K)]
  0x000001a1dda1cdc0 JavaThread "C1 CompilerThread0"         daemon [_thread_blocked, id=6944, stack(0x00000043ae400000,0x00000043ae500000) (1024K)]
  0x000001a1dd8e2f80 JavaThread "Common-Cleaner"             daemon [_thread_blocked, id=40672, stack(0x00000043ae500000,0x00000043ae600000) (1024K)]
  0x000001a1ddbff930 JavaThread "C1 CompilerThread1"         daemon [_thread_blocked, id=39780, stack(0x00000043ae600000,0x00000043ae700000) (1024K)]
  0x000001a1ddd3d680 JavaThread "Notification Thread"        daemon [_thread_blocked, id=12028, stack(0x00000043ae700000,0x00000043ae800000) (1024K)]
  0x000001a1e2147680 JavaThread "C1 CompilerThread2"         daemon [_thread_blocked, id=40340, stack(0x00000043ae800000,0x00000043ae900000) (1024K)]
  0x000001a1e206f660 JavaThread "C1 CompilerThread3"         daemon [_thread_blocked, id=28628, stack(0x00000043ae900000,0x00000043aea00000) (1024K)]
  0x000001a1e2070130 JavaThread "C2 CompilerThread1"         daemon [_thread_blocked, id=27656, stack(0x00000043aea00000,0x00000043aeb00000) (1024K)]
  0x000001a1e20f7ee0 JavaThread "C2 CompilerThread2"         daemon [_thread_blocked, id=32680, stack(0x00000043aeb00000,0x00000043aec00000) (1024K)]
  0x000001a1e20f8dc0 JavaThread "C2 CompilerThread3"         daemon [_thread_blocked, id=29908, stack(0x00000043aec00000,0x00000043aed00000) (1024K)]
Total: 17

Other Threads:
=>0x000001a1dd956090 VMThread "VM Thread"                           [id=28380, stack(0x00000043adc00000,0x00000043add00000) (1024K)]
  0x000001a1dd8e28e0 WatcherThread "VM Periodic Task Thread"        [id=17260, stack(0x00000043adb00000,0x00000043adc00000) (1024K)]
  0x000001a1c1ec5e70 WorkerThread "GC Thread#0"                     [id=16464, stack(0x00000043ad600000,0x00000043ad700000) (1024K)]
  0x000001a1e2edfbc0 WorkerThread "GC Thread#1"                     [id=36272, stack(0x00000043af000000,0x00000043af100000) (1024K)]
  0x000001a1e202a040 WorkerThread "GC Thread#2"                     [id=3140, stack(0x00000043af100000,0x00000043af200000) (1024K)]
  0x000001a1e32e4560 WorkerThread "GC Thread#3"                     [id=37480, stack(0x00000043af200000,0x00000043af300000) (1024K)]
  0x000001a1e26d6240 WorkerThread "GC Thread#4"                     [id=2772, stack(0x00000043af300000,0x00000043af400000) (1024K)]
  0x000001a1e32c31e0 WorkerThread "GC Thread#5"                     [id=7424, stack(0x00000043af400000,0x00000043af500000) (1024K)]
  0x000001a1e285a180 WorkerThread "GC Thread#6"                     [id=34724, stack(0x00000043aed00000,0x00000043aee00000) (1024K)]
  0x000001a1e2f59d30 WorkerThread "GC Thread#7"                     [id=40184, stack(0x00000043aee00000,0x00000043aef00000) (1024K)]
  0x000001a1e36638f0 WorkerThread "GC Thread#8"                     [id=26856, stack(0x00000043aef00000,0x00000043af000000) (1024K)]
  0x000001a1e3663ca0 WorkerThread "GC Thread#9"                     [id=5480, stack(0x00000043af500000,0x00000043af600000) (1024K)]
  0x000001a1e3202b80 WorkerThread "GC Thread#10"                    [id=35264, stack(0x00000043af600000,0x00000043af700000) (1024K)]
  0x000001a1e3661560 WorkerThread "GC Thread#11"                    [id=42396, stack(0x00000043af700000,0x00000043af800000) (1024K)]
  0x000001a1c1ed7940 ConcurrentGCThread "G1 Main Marker"            [id=37816, stack(0x00000043ad700000,0x00000043ad800000) (1024K)]
  0x000001a1c1edb000 WorkerThread "G1 Conc#0"                       [id=45872, stack(0x00000043ad800000,0x00000043ad900000) (1024K)]
  0x000001a1dd7b1e80 ConcurrentGCThread "G1 Refine#0"               [id=43636, stack(0x00000043ad900000,0x00000043ada00000) (1024K)]
  0x000001a1dd7b34c0 ConcurrentGCThread "G1 Service"                [id=18772, stack(0x00000043ada00000,0x00000043adb00000) (1024K)]
Total: 18

Threads with active compile tasks:
Total: 0

VM state: at safepoint (normal execution)

VM Mutex/Monitor currently owned by a thread:  ([mutex/lock_event])
[0x00007ffea0520f80] Threads_lock - owner thread: 0x000001a1dd956090
[0x00007ffea0521080] Heap_lock - owner thread: 0x000001a1c039feb0

Heap address: 0x0000000704400000, size: 4028 MB, Compressed Oops mode: Zero based, Oop shift amount: 3

CDS archive(s) not mapped
Compressed class space mapped at: 0x00000000a9000000-0x00000000e9000000, reserved size: 1073741824
Narrow klass base: 0x0000000000000000, Narrow klass shift: 0, Narrow klass range: 0xe9000000

GC Precious Log:
 CardTable entry size: 512
 Card Set container configuration: InlinePtr #cards 4 size 8 Array Of Cards #cards 16 size 48 Howl #buckets 8 coarsen threshold 3686 Howl Bitmap #cards 512 size 80 coarsen threshold 460 Card regions per heap region 1 cards per card region 4096
 CPUs: 16 total, 16 available
 Memory: 16110M
 Large Page Support: Disabled
 NUMA Support: Disabled
 Compressed Oops: Enabled (Zero based)
 Heap Region Size: 2M
 Heap Min Capacity: 8M
 Heap Initial Capacity: 252M
 Heap Max Capacity: 4028M
 Pre-touch: Disabled
 Parallel Workers: 13
 Concurrent Workers: 3
 Concurrent Refinement Workers: 13
 Periodic GC: Disabled

Heap:
 garbage-first heap   total reserved 4124672K, committed 516096K, used 98243K [0x0000000704400000, 0x0000000800000000)
  region size 2048K, 12 young (24576K), 12 survivors (24576K)
 Metaspace       used 8628K, committed 8832K, reserved 1114112K
  class space    used 731K, committed 832K, reserved 1048576K

Heap Regions: E=young(eden), S=young(survivor), O=old, HS=humongous(starts), HC=humongous(continues), CS=collection set, F=free, TAMS=top-at-mark-start, PB=parsable bottom
|   0|0x0000000704400000, 0x0000000704600000, 0x0000000704600000|100%|HS|  |TAMS 0x0000000704400000| PB 0x0000000704400000| Complete |  0
|   1|0x0000000704600000, 0x0000000704800000, 0x0000000704800000|100%|HS|  |TAMS 0x0000000704600000| PB 0x0000000704600000| Complete |  0
|   2|0x0000000704800000, 0x0000000704a00000, 0x0000000704a00000|100%|HS|  |TAMS 0x0000000704800000| PB 0x0000000704800000| Complete |  0
|   3|0x0000000704a00000, 0x0000000704c00000, 0x0000000704c00000|100%|HC|  |TAMS 0x0000000704a00000| PB 0x0000000704a00000| Complete |  0
|   4|0x0000000704c00000, 0x0000000704e00000, 0x0000000704e00000|100%|HS|  |TAMS 0x0000000704c00000| PB 0x0000000704c00000| Complete |  0
|   5|0x0000000704e00000, 0x0000000705000000, 0x0000000705000000|100%|HC|  |TAMS 0x0000000704e00000| PB 0x0000000704e00000| Complete |  0
|   6|0x0000000705000000, 0x0000000705200000, 0x0000000705200000|100%| O|  |TAMS 0x0000000705000000| PB 0x0000000705000000| Untracked |  0
|   7|0x0000000705200000, 0x0000000705400000, 0x0000000705400000|100%| O|  |TAMS 0x0000000705200000| PB 0x0000000705200000| Untracked |  0
|   8|0x0000000705400000, 0x0000000705600000, 0x0000000705600000|100%| O|  |TAMS 0x0000000705400000| PB 0x0000000705400000| Untracked |  0
|   9|0x0000000705600000, 0x0000000705800000, 0x0000000705800000|100%| O|  |TAMS 0x0000000705600000| PB 0x0000000705600000| Untracked |  0
|  10|0x0000000705800000, 0x0000000705a00000, 0x0000000705a00000|100%|HS|  |TAMS 0x0000000705800000| PB 0x0000000705800000| Complete |  0
|  11|0x0000000705a00000, 0x0000000705c00000, 0x0000000705c00000|100%|HC|  |TAMS 0x0000000705a00000| PB 0x0000000705a00000| Complete |  0
|  12|0x0000000705c00000, 0x0000000705e00000, 0x0000000705e00000|100%|HS|  |TAMS 0x0000000705c00000| PB 0x0000000705c00000| Complete |  0
|  13|0x0000000705e00000, 0x0000000706000000, 0x0000000706000000|100%|HC|  |TAMS 0x0000000705e00000| PB 0x0000000705e00000| Complete |  0
|  14|0x0000000706000000, 0x0000000706200000, 0x0000000706200000|100%|HS|  |TAMS 0x0000000706000000| PB 0x0000000706000000| Complete |  0
|  15|0x0000000706200000, 0x0000000706400000, 0x0000000706400000|100%|HC|  |TAMS 0x0000000706200000| PB 0x0000000706200000| Complete |  0
|  16|0x0000000706400000, 0x0000000706600000, 0x0000000706600000|100%|HC|  |TAMS 0x0000000706400000| PB 0x0000000706400000| Complete |  0
|  17|0x0000000706600000, 0x0000000706800000, 0x0000000706800000|100%|HS|  |TAMS 0x0000000706600000| PB 0x0000000706600000| Complete |  0
|  18|0x0000000706800000, 0x0000000706a00000, 0x0000000706a00000|100%|HC|  |TAMS 0x0000000706800000| PB 0x0000000706800000| Complete |  0
|  19|0x0000000706a00000, 0x0000000706c00000, 0x0000000706c00000|100%|HC|  |TAMS 0x0000000706a00000| PB 0x0000000706a00000| Complete |  0
|  20|0x0000000706c00000, 0x0000000706e00000, 0x0000000706e00000|100%| O|  |TAMS 0x0000000706c00000| PB 0x0000000706c00000| Untracked |  0
|  21|0x0000000706e00000, 0x0000000707000000, 0x0000000707000000|100%| O|  |TAMS 0x0000000706e00000| PB 0x0000000706e00000| Untracked |  0
|  22|0x0000000707000000, 0x0000000707200000, 0x0000000707200000|100%| O|  |TAMS 0x0000000707000000| PB 0x0000000707000000| Untracked |  0
|  23|0x0000000707200000, 0x0000000707400000, 0x0000000707400000|100%|HS|  |TAMS 0x0000000707200000| PB 0x0000000707200000| Complete |  0
|  24|0x0000000707400000, 0x0000000707600000, 0x0000000707600000|100%|HC|  |TAMS 0x0000000707400000| PB 0x0000000707400000| Complete |  0
|  25|0x0000000707600000, 0x0000000707800000, 0x0000000707800000|100%|HC|  |TAMS 0x0000000707600000| PB 0x0000000707600000| Complete |  0
|  26|0x0000000707800000, 0x0000000707a00000, 0x0000000707a00000|100%|HC|  |TAMS 0x0000000707800000| PB 0x0000000707800000| Complete |  0
|  27|0x0000000707a00000, 0x0000000707c00000, 0x0000000707c00000|100%|HS|  |TAMS 0x0000000707a00000| PB 0x0000000707a00000| Complete |  0
|  28|0x0000000707c00000, 0x0000000707e00000, 0x0000000707e00000|100%|HC|  |TAMS 0x0000000707c00000| PB 0x0000000707c00000| Complete |  0
|  29|0x0000000707e00000, 0x0000000708000000, 0x0000000708000000|100%|HC|  |TAMS 0x0000000707e00000| PB 0x0000000707e00000| Complete |  0
|  30|0x0000000708000000, 0x0000000708200000, 0x0000000708200000|100%|HC|  |TAMS 0x0000000708000000| PB 0x0000000708000000| Complete |  0
|  31|0x0000000708200000, 0x0000000708400000, 0x0000000708400000|100%| O|  |TAMS 0x0000000708200000| PB 0x0000000708200000| Untracked |  0
|  32|0x0000000708400000, 0x0000000708600000, 0x0000000708600000|100%| O|  |TAMS 0x0000000708400000| PB 0x0000000708400000| Untracked |  0
|  33|0x0000000708600000, 0x0000000708800000, 0x0000000708800000|100%| O|  |TAMS 0x0000000708600000| PB 0x0000000708600000| Untracked |  0
|  34|0x0000000708800000, 0x0000000708a00000, 0x0000000708a00000|100%| O|  |TAMS 0x0000000708800000| PB 0x0000000708800000| Untracked |  0
|  35|0x0000000708a00000, 0x0000000708c00000, 0x0000000708c00000|100%| O|  |TAMS 0x0000000708a00000| PB 0x0000000708a00000| Untracked |  0
|  36|0x0000000708c00000, 0x0000000708cc4e90, 0x0000000708e00000| 38%| O|  |TAMS 0x0000000708c00000| PB 0x0000000708c00000| Untracked |  0
|  37|0x0000000708e00000, 0x0000000708e00000, 0x0000000709000000|  0%| F|  |TAMS 0x0000000708e00000| PB 0x0000000708e00000| Untracked |  0
|  38|0x0000000709000000, 0x0000000709000000, 0x0000000709200000|  0%| F|  |TAMS 0x0000000709000000| PB 0x0000000709000000| Untracked |  0
|  39|0x0000000709200000, 0x0000000709200000, 0x0000000709400000|  0%| F|  |TAMS 0x0000000709200000| PB 0x0000000709200000| Untracked |  0
|  40|0x0000000709400000, 0x0000000709400000, 0x0000000709600000|  0%| F|  |TAMS 0x0000000709400000| PB 0x0000000709400000| Untracked |  0
|  41|0x0000000709600000, 0x0000000709600000, 0x0000000709800000|  0%| F|  |TAMS 0x0000000709600000| PB 0x0000000709600000| Untracked |  0
|  42|0x0000000709800000, 0x0000000709800000, 0x0000000709a00000|  0%| F|  |TAMS 0x0000000709800000| PB 0x0000000709800000| Untracked |  0
|  43|0x0000000709a00000, 0x0000000709a00000, 0x0000000709c00000|  0%| F|  |TAMS 0x0000000709a00000| PB 0x0000000709a00000| Untracked |  0
|  44|0x0000000709c00000, 0x0000000709c00000, 0x0000000709e00000|  0%| F|  |TAMS 0x0000000709c00000| PB 0x0000000709c00000| Untracked |  0
|  45|0x0000000709e00000, 0x0000000709e00000, 0x000000070a000000|  0%| F|  |TAMS 0x0000000709e00000| PB 0x0000000709e00000| Untracked |  0
|  46|0x000000070a000000, 0x000000070a000000, 0x000000070a200000|  0%| F|  |TAMS 0x000000070a000000| PB 0x000000070a000000| Untracked |  0
|  47|0x000000070a200000, 0x000000070a200000, 0x000000070a400000|  0%| F|  |TAMS 0x000000070a200000| PB 0x000000070a200000| Untracked |  0
|  48|0x000000070a400000, 0x000000070a400000, 0x000000070a600000|  0%| F|  |TAMS 0x000000070a400000| PB 0x000000070a400000| Untracked |  0
|  49|0x000000070a600000, 0x000000070a600000, 0x000000070a800000|  0%| F|  |TAMS 0x000000070a600000| PB 0x000000070a600000| Untracked |  0
|  50|0x000000070a800000, 0x000000070a800000, 0x000000070aa00000|  0%| F|  |TAMS 0x000000070a800000| PB 0x000000070a800000| Untracked |  0
|  51|0x000000070aa00000, 0x000000070aa00000, 0x000000070ac00000|  0%| F|  |TAMS 0x000000070aa00000| PB 0x000000070aa00000| Untracked |  0
|  52|0x000000070ac00000, 0x000000070ac00000, 0x000000070ae00000|  0%| F|  |TAMS 0x000000070ac00000| PB 0x000000070ac00000| Untracked |  0
|  53|0x000000070ae00000, 0x000000070ae00000, 0x000000070b000000|  0%| F|  |TAMS 0x000000070ae00000| PB 0x000000070ae00000| Untracked |  0
|  54|0x000000070b000000, 0x000000070b000000, 0x000000070b200000|  0%| F|  |TAMS 0x000000070b000000| PB 0x000000070b000000| Untracked |  0
|  55|0x000000070b200000, 0x000000070b200000, 0x000000070b400000|  0%| F|  |TAMS 0x000000070b200000| PB 0x000000070b200000| Untracked |  0
|  56|0x000000070b400000, 0x000000070b400000, 0x000000070b600000|  0%| F|  |TAMS 0x000000070b400000| PB 0x000000070b400000| Untracked |  0
|  57|0x000000070b600000, 0x000000070b600000, 0x000000070b800000|  0%| F|  |TAMS 0x000000070b600000| PB 0x000000070b600000| Untracked |  0
|  58|0x000000070b800000, 0x000000070b800000, 0x000000070ba00000|  0%| F|  |TAMS 0x000000070b800000| PB 0x000000070b800000| Untracked |  0
|  59|0x000000070ba00000, 0x000000070ba00000, 0x000000070bc00000|  0%| F|  |TAMS 0x000000070ba00000| PB 0x000000070ba00000| Untracked |  0
|  60|0x000000070bc00000, 0x000000070bc00000, 0x000000070be00000|  0%| F|  |TAMS 0x000000070bc00000| PB 0x000000070bc00000| Untracked |  0
|  61|0x000000070be00000, 0x000000070be00000, 0x000000070c000000|  0%| F|  |TAMS 0x000000070be00000| PB 0x000000070be00000| Untracked |  0
|  62|0x000000070c000000, 0x000000070c000000, 0x000000070c200000|  0%| F|  |TAMS 0x000000070c000000| PB 0x000000070c000000| Untracked |  0
|  63|0x000000070c200000, 0x000000070c200000, 0x000000070c400000|  0%| F|  |TAMS 0x000000070c200000| PB 0x000000070c200000| Untracked |  0
|  64|0x000000070c400000, 0x000000070c400000, 0x000000070c600000|  0%| F|  |TAMS 0x000000070c400000| PB 0x000000070c400000| Untracked |  0
|  65|0x000000070c600000, 0x000000070c600000, 0x000000070c800000|  0%| F|  |TAMS 0x000000070c600000| PB 0x000000070c600000| Untracked |  0
|  66|0x000000070c800000, 0x000000070c800000, 0x000000070ca00000|  0%| F|  |TAMS 0x000000070c800000| PB 0x000000070c800000| Untracked |  0
|  67|0x000000070ca00000, 0x000000070ca00000, 0x000000070cc00000|  0%| F|  |TAMS 0x000000070ca00000| PB 0x000000070ca00000| Untracked |  0
|  68|0x000000070cc00000, 0x000000070cc00000, 0x000000070ce00000|  0%| F|  |TAMS 0x000000070cc00000| PB 0x000000070cc00000| Untracked |  0
|  69|0x000000070ce00000, 0x000000070ce00000, 0x000000070d000000|  0%| F|  |TAMS 0x000000070ce00000| PB 0x000000070ce00000| Untracked |  0
|  70|0x000000070d000000, 0x000000070d000000, 0x000000070d200000|  0%| F|  |TAMS 0x000000070d000000| PB 0x000000070d000000| Untracked |  0
|  71|0x000000070d200000, 0x000000070d200000, 0x000000070d400000|  0%| F|  |TAMS 0x000000070d200000| PB 0x000000070d200000| Untracked |  0
|  72|0x000000070d400000, 0x000000070d400000, 0x000000070d600000|  0%| F|  |TAMS 0x000000070d400000| PB 0x000000070d400000| Untracked |  0
|  73|0x000000070d600000, 0x000000070d600000, 0x000000070d800000|  0%| F|  |TAMS 0x000000070d600000| PB 0x000000070d600000| Untracked |  0
|  74|0x000000070d800000, 0x000000070d800000, 0x000000070da00000|  0%| F|  |TAMS 0x000000070d800000| PB 0x000000070d800000| Untracked |  0
|  75|0x000000070da00000, 0x000000070da00000, 0x000000070dc00000|  0%| F|  |TAMS 0x000000070da00000| PB 0x000000070da00000| Untracked |  0
|  76|0x000000070dc00000, 0x000000070dc00000, 0x000000070de00000|  0%| F|  |TAMS 0x000000070dc00000| PB 0x000000070dc00000| Untracked |  0
|  77|0x000000070de00000, 0x000000070de00000, 0x000000070e000000|  0%| F|  |TAMS 0x000000070de00000| PB 0x000000070de00000| Untracked |  0
|  78|0x000000070e000000, 0x000000070e000000, 0x000000070e200000|  0%| F|  |TAMS 0x000000070e000000| PB 0x000000070e000000| Untracked |  0
|  79|0x000000070e200000, 0x000000070e200000, 0x000000070e400000|  0%| F|  |TAMS 0x000000070e200000| PB 0x000000070e200000| Untracked |  0
|  80|0x000000070e400000, 0x000000070e400000, 0x000000070e600000|  0%| F|  |TAMS 0x000000070e400000| PB 0x000000070e400000| Untracked |  0
|  81|0x000000070e600000, 0x000000070e600000, 0x000000070e800000|  0%| F|  |TAMS 0x000000070e600000| PB 0x000000070e600000| Untracked |  0
|  82|0x000000070e800000, 0x000000070e800000, 0x000000070ea00000|  0%| F|  |TAMS 0x000000070e800000| PB 0x000000070e800000| Untracked |  0
|  83|0x000000070ea00000, 0x000000070ea00000, 0x000000070ec00000|  0%| F|  |TAMS 0x000000070ea00000| PB 0x000000070ea00000| Untracked |  0
|  84|0x000000070ec00000, 0x000000070ec00000, 0x000000070ee00000|  0%| F|  |TAMS 0x000000070ec00000| PB 0x000000070ec00000| Untracked |  0
|  85|0x000000070ee00000, 0x000000070ee00000, 0x000000070f000000|  0%| F|  |TAMS 0x000000070ee00000| PB 0x000000070ee00000| Untracked |  0
|  86|0x000000070f000000, 0x000000070f000000, 0x000000070f200000|  0%| F|  |TAMS 0x000000070f000000| PB 0x000000070f000000| Untracked |  0
|  87|0x000000070f200000, 0x000000070f200000, 0x000000070f400000|  0%| F|  |TAMS 0x000000070f200000| PB 0x000000070f200000| Untracked |  0
|  88|0x000000070f400000, 0x000000070f400000, 0x000000070f600000|  0%| F|  |TAMS 0x000000070f400000| PB 0x000000070f400000| Untracked |  0
|  89|0x000000070f600000, 0x000000070f72c048, 0x000000070f800000| 58%| S|CS|TAMS 0x000000070f600000| PB 0x000000070f600000| Complete |  0
|  90|0x000000070f800000, 0x000000070fa00000, 0x000000070fa00000|100%| S|CS|TAMS 0x000000070f800000| PB 0x000000070f800000| Complete |  0
|  91|0x000000070fa00000, 0x000000070fc00000, 0x000000070fc00000|100%| S|CS|TAMS 0x000000070fa00000| PB 0x000000070fa00000| Complete |  0
|  92|0x000000070fc00000, 0x000000070fe00000, 0x000000070fe00000|100%| S|CS|TAMS 0x000000070fc00000| PB 0x000000070fc00000| Complete |  0
|  93|0x000000070fe00000, 0x0000000710000000, 0x0000000710000000|100%| S|CS|TAMS 0x000000070fe00000| PB 0x000000070fe00000| Complete |  0
|  94|0x0000000710000000, 0x0000000710200000, 0x0000000710200000|100%| S|CS|TAMS 0x0000000710000000| PB 0x0000000710000000| Complete |  0
|  95|0x0000000710200000, 0x0000000710400000, 0x0000000710400000|100%| S|CS|TAMS 0x0000000710200000| PB 0x0000000710200000| Complete |  0
|  96|0x0000000710400000, 0x0000000710600000, 0x0000000710600000|100%| S|CS|TAMS 0x0000000710400000| PB 0x0000000710400000| Complete |  0
|  97|0x0000000710600000, 0x0000000710800000, 0x0000000710800000|100%| S|CS|TAMS 0x0000000710600000| PB 0x0000000710600000| Complete |  0
|  98|0x0000000710800000, 0x0000000710800000, 0x0000000710a00000|  0%| F|  |TAMS 0x0000000710800000| PB 0x0000000710800000| Untracked |  0
|  99|0x0000000710a00000, 0x0000000710a00000, 0x0000000710c00000|  0%| F|  |TAMS 0x0000000710a00000| PB 0x0000000710a00000| Untracked |  0
| 100|0x0000000710c00000, 0x0000000710c00000, 0x0000000710e00000|  0%| F|  |TAMS 0x0000000710c00000| PB 0x0000000710c00000| Untracked |  0
| 101|0x0000000710e00000, 0x0000000710e00000, 0x0000000711000000|  0%| F|  |TAMS 0x0000000710e00000| PB 0x0000000710e00000| Untracked |  0
| 102|0x0000000711000000, 0x0000000711000000, 0x0000000711200000|  0%| F|  |TAMS 0x0000000711000000| PB 0x0000000711000000| Untracked |  0
| 103|0x0000000711200000, 0x0000000711200000, 0x0000000711400000|  0%| F|  |TAMS 0x0000000711200000| PB 0x0000000711200000| Untracked |  0
| 104|0x0000000711400000, 0x0000000711400000, 0x0000000711600000|  0%| F|  |TAMS 0x0000000711400000| PB 0x0000000711400000| Untracked |  0
| 105|0x0000000711600000, 0x0000000711600000, 0x0000000711800000|  0%| F|  |TAMS 0x0000000711600000| PB 0x0000000711600000| Untracked |  0
| 106|0x0000000711800000, 0x0000000711800000, 0x0000000711a00000|  0%| F|  |TAMS 0x0000000711800000| PB 0x0000000711800000| Untracked |  0
| 107|0x0000000711a00000, 0x0000000711c00000, 0x0000000711c00000|100%| S|CS|TAMS 0x0000000711a00000| PB 0x0000000711a00000| Complete |  0
| 108|0x0000000711c00000, 0x0000000711e00000, 0x0000000711e00000|100%| S|CS|TAMS 0x0000000711c00000| PB 0x0000000711c00000| Complete |  0
| 109|0x0000000711e00000, 0x0000000712000000, 0x0000000712000000|100%| S|CS|TAMS 0x0000000711e00000| PB 0x0000000711e00000| Complete |  0
| 110|0x0000000712000000, 0x0000000712000000, 0x0000000712200000|  0%| F|  |TAMS 0x0000000712000000| PB 0x0000000712000000| Untracked |  0
| 111|0x0000000712200000, 0x0000000712200000, 0x0000000712400000|  0%| F|  |TAMS 0x0000000712200000| PB 0x0000000712200000| Untracked |  0
| 112|0x0000000712400000, 0x0000000712400000, 0x0000000712600000|  0%| F|  |TAMS 0x0000000712400000| PB 0x0000000712400000| Untracked |  0
| 113|0x0000000712600000, 0x0000000712600000, 0x0000000712800000|  0%| F|  |TAMS 0x0000000712600000| PB 0x0000000712600000| Untracked |  0
| 114|0x0000000712800000, 0x0000000712800000, 0x0000000712a00000|  0%| F|  |TAMS 0x0000000712800000| PB 0x0000000712800000| Untracked |  0
| 115|0x0000000712a00000, 0x0000000712a00000, 0x0000000712c00000|  0%| F|  |TAMS 0x0000000712a00000| PB 0x0000000712a00000| Untracked |  0
| 116|0x0000000712c00000, 0x0000000712c00000, 0x0000000712e00000|  0%| F|  |TAMS 0x0000000712c00000| PB 0x0000000712c00000| Untracked |  0
| 117|0x0000000712e00000, 0x0000000712e00000, 0x0000000713000000|  0%| F|  |TAMS 0x0000000712e00000| PB 0x0000000712e00000| Untracked |  0
| 118|0x0000000713000000, 0x0000000713000000, 0x0000000713200000|  0%| F|  |TAMS 0x0000000713000000| PB 0x0000000713000000| Untracked |  0
| 119|0x0000000713200000, 0x0000000713200000, 0x0000000713400000|  0%| F|  |TAMS 0x0000000713200000| PB 0x0000000713200000| Untracked |  0
| 120|0x0000000713400000, 0x0000000713400000, 0x0000000713600000|  0%| F|  |TAMS 0x0000000713400000| PB 0x0000000713400000| Untracked |  0
| 121|0x0000000713600000, 0x0000000713600000, 0x0000000713800000|  0%| F|  |TAMS 0x0000000713600000| PB 0x0000000713600000| Untracked |  0
| 122|0x0000000713800000, 0x0000000713800000, 0x0000000713a00000|  0%| F|  |TAMS 0x0000000713800000| PB 0x0000000713800000| Untracked |  0
| 123|0x0000000713a00000, 0x0000000713a00000, 0x0000000713c00000|  0%| F|  |TAMS 0x0000000713a00000| PB 0x0000000713a00000| Untracked |  0
| 124|0x0000000713c00000, 0x0000000713c00000, 0x0000000713e00000|  0%| F|  |TAMS 0x0000000713c00000| PB 0x0000000713c00000| Untracked |  0
| 125|0x0000000713e00000, 0x0000000713e00000, 0x0000000714000000|  0%| F|  |TAMS 0x0000000713e00000| PB 0x0000000713e00000| Untracked |  0
| 126|0x0000000714000000, 0x0000000714000000, 0x0000000714200000|  0%| F|  |TAMS 0x0000000714000000| PB 0x0000000714000000| Untracked |  0
| 127|0x0000000714200000, 0x0000000714200000, 0x0000000714400000|  0%| F|  |TAMS 0x0000000714200000| PB 0x0000000714200000| Untracked |  0
| 128|0x0000000714400000, 0x0000000714400000, 0x0000000714600000|  0%| F|  |TAMS 0x0000000714400000| PB 0x0000000714400000| Untracked |  0
| 129|0x0000000714600000, 0x0000000714600000, 0x0000000714800000|  0%| F|  |TAMS 0x0000000714600000| PB 0x0000000714600000| Untracked |  0
| 130|0x0000000714800000, 0x0000000714800000, 0x0000000714a00000|  0%| F|  |TAMS 0x0000000714800000| PB 0x0000000714800000| Untracked |  0
| 131|0x0000000714a00000, 0x0000000714a00000, 0x0000000714c00000|  0%| F|  |TAMS 0x0000000714a00000| PB 0x0000000714a00000| Untracked |  0
| 132|0x0000000714c00000, 0x0000000714c00000, 0x0000000714e00000|  0%| F|  |TAMS 0x0000000714c00000| PB 0x0000000714c00000| Untracked |  0
| 133|0x0000000714e00000, 0x0000000714e00000, 0x0000000715000000|  0%| F|  |TAMS 0x0000000714e00000| PB 0x0000000714e00000| Untracked |  0
| 134|0x0000000715000000, 0x0000000715000000, 0x0000000715200000|  0%| F|  |TAMS 0x0000000715000000| PB 0x0000000715000000| Untracked |  0
| 135|0x0000000715200000, 0x0000000715200000, 0x0000000715400000|  0%| F|  |TAMS 0x0000000715200000| PB 0x0000000715200000| Untracked |  0
| 136|0x0000000715400000, 0x0000000715400000, 0x0000000715600000|  0%| F|  |TAMS 0x0000000715400000| PB 0x0000000715400000| Untracked |  0
| 137|0x0000000715600000, 0x0000000715600000, 0x0000000715800000|  0%| F|  |TAMS 0x0000000715600000| PB 0x0000000715600000| Untracked |  0
| 138|0x0000000715800000, 0x0000000715800000, 0x0000000715a00000|  0%| F|  |TAMS 0x0000000715800000| PB 0x0000000715800000| Untracked |  0
| 139|0x0000000715a00000, 0x0000000715a00000, 0x0000000715c00000|  0%| F|  |TAMS 0x0000000715a00000| PB 0x0000000715a00000| Untracked |  0
| 140|0x0000000715c00000, 0x0000000715c00000, 0x0000000715e00000|  0%| F|  |TAMS 0x0000000715c00000| PB 0x0000000715c00000| Untracked |  0
| 141|0x0000000715e00000, 0x0000000715e00000, 0x0000000716000000|  0%| F|  |TAMS 0x0000000715e00000| PB 0x0000000715e00000| Untracked |  0
| 142|0x0000000716000000, 0x0000000716000000, 0x0000000716200000|  0%| F|  |TAMS 0x0000000716000000| PB 0x0000000716000000| Untracked |  0
| 143|0x0000000716200000, 0x0000000716200000, 0x0000000716400000|  0%| F|  |TAMS 0x0000000716200000| PB 0x0000000716200000| Untracked |  0
| 144|0x0000000716400000, 0x0000000716400000, 0x0000000716600000|  0%| F|  |TAMS 0x0000000716400000| PB 0x0000000716400000| Untracked |  0
| 145|0x0000000716600000, 0x0000000716600000, 0x0000000716800000|  0%| F|  |TAMS 0x0000000716600000| PB 0x0000000716600000| Untracked |  0
| 146|0x0000000716800000, 0x0000000716800000, 0x0000000716a00000|  0%| F|  |TAMS 0x0000000716800000| PB 0x0000000716800000| Untracked |  0
| 147|0x0000000716a00000, 0x0000000716a00000, 0x0000000716c00000|  0%| F|  |TAMS 0x0000000716a00000| PB 0x0000000716a00000| Untracked |  0
| 148|0x0000000716c00000, 0x0000000716c00000, 0x0000000716e00000|  0%| F|  |TAMS 0x0000000716c00000| PB 0x0000000716c00000| Untracked |  0
| 149|0x0000000716e00000, 0x0000000716e00000, 0x0000000717000000|  0%| F|  |TAMS 0x0000000716e00000| PB 0x0000000716e00000| Untracked |  0
| 150|0x0000000717000000, 0x0000000717000000, 0x0000000717200000|  0%| F|  |TAMS 0x0000000717000000| PB 0x0000000717000000| Untracked |  0
| 151|0x0000000717200000, 0x0000000717200000, 0x0000000717400000|  0%| F|  |TAMS 0x0000000717200000| PB 0x0000000717200000| Untracked |  0
| 152|0x0000000717400000, 0x0000000717400000, 0x0000000717600000|  0%| F|  |TAMS 0x0000000717400000| PB 0x0000000717400000| Untracked |  0
| 153|0x0000000717600000, 0x0000000717600000, 0x0000000717800000|  0%| F|  |TAMS 0x0000000717600000| PB 0x0000000717600000| Untracked |  0
| 154|0x0000000717800000, 0x0000000717800000, 0x0000000717a00000|  0%| F|  |TAMS 0x0000000717800000| PB 0x0000000717800000| Untracked |  0
| 155|0x0000000717a00000, 0x0000000717a00000, 0x0000000717c00000|  0%| F|  |TAMS 0x0000000717a00000| PB 0x0000000717a00000| Untracked |  0
| 156|0x0000000717c00000, 0x0000000717c00000, 0x0000000717e00000|  0%| F|  |TAMS 0x0000000717c00000| PB 0x0000000717c00000| Untracked |  0
| 157|0x0000000717e00000, 0x0000000717e00000, 0x0000000718000000|  0%| F|  |TAMS 0x0000000717e00000| PB 0x0000000717e00000| Untracked |  0
| 158|0x0000000718000000, 0x0000000718000000, 0x0000000718200000|  0%| F|  |TAMS 0x0000000718000000| PB 0x0000000718000000| Untracked |  0
| 159|0x0000000718200000, 0x0000000718200000, 0x0000000718400000|  0%| F|  |TAMS 0x0000000718200000| PB 0x0000000718200000| Untracked |  0
| 160|0x0000000718400000, 0x0000000718400000, 0x0000000718600000|  0%| F|  |TAMS 0x0000000718400000| PB 0x0000000718400000| Untracked |  0
| 161|0x0000000718600000, 0x0000000718600000, 0x0000000718800000|  0%| F|  |TAMS 0x0000000718600000| PB 0x0000000718600000| Untracked |  0
| 162|0x0000000718800000, 0x0000000718800000, 0x0000000718a00000|  0%| F|  |TAMS 0x0000000718800000| PB 0x0000000718800000| Untracked |  0
| 163|0x0000000718a00000, 0x0000000718a00000, 0x0000000718c00000|  0%| F|  |TAMS 0x0000000718a00000| PB 0x0000000718a00000| Untracked |  0
| 164|0x0000000718c00000, 0x0000000718c00000, 0x0000000718e00000|  0%| F|  |TAMS 0x0000000718c00000| PB 0x0000000718c00000| Untracked |  0
| 165|0x0000000718e00000, 0x0000000718e00000, 0x0000000719000000|  0%| F|  |TAMS 0x0000000718e00000| PB 0x0000000718e00000| Untracked |  0
| 166|0x0000000719000000, 0x0000000719000000, 0x0000000719200000|  0%| F|  |TAMS 0x0000000719000000| PB 0x0000000719000000| Untracked |  0
| 167|0x0000000719200000, 0x0000000719200000, 0x0000000719400000|  0%| F|  |TAMS 0x0000000719200000| PB 0x0000000719200000| Untracked |  0
| 168|0x0000000719400000, 0x0000000719400000, 0x0000000719600000|  0%| F|  |TAMS 0x0000000719400000| PB 0x0000000719400000| Untracked |  0
| 169|0x0000000719600000, 0x0000000719600000, 0x0000000719800000|  0%| F|  |TAMS 0x0000000719600000| PB 0x0000000719600000| Untracked |  0
| 170|0x0000000719800000, 0x0000000719800000, 0x0000000719a00000|  0%| F|  |TAMS 0x0000000719800000| PB 0x0000000719800000| Untracked |  0
| 171|0x0000000719a00000, 0x0000000719a00000, 0x0000000719c00000|  0%| F|  |TAMS 0x0000000719a00000| PB 0x0000000719a00000| Untracked |  0
| 172|0x0000000719c00000, 0x0000000719c00000, 0x0000000719e00000|  0%| F|  |TAMS 0x0000000719c00000| PB 0x0000000719c00000| Untracked |  0
| 173|0x0000000719e00000, 0x0000000719e00000, 0x000000071a000000|  0%| F|  |TAMS 0x0000000719e00000| PB 0x0000000719e00000| Untracked |  0
| 174|0x000000071a000000, 0x000000071a000000, 0x000000071a200000|  0%| F|  |TAMS 0x000000071a000000| PB 0x000000071a000000| Untracked |  0
| 175|0x000000071a200000, 0x000000071a200000, 0x000000071a400000|  0%| F|  |TAMS 0x000000071a200000| PB 0x000000071a200000| Untracked |  0
| 176|0x000000071a400000, 0x000000071a400000, 0x000000071a600000|  0%| F|  |TAMS 0x000000071a400000| PB 0x000000071a400000| Untracked |  0
| 177|0x000000071a600000, 0x000000071a600000, 0x000000071a800000|  0%| F|  |TAMS 0x000000071a600000| PB 0x000000071a600000| Untracked |  0
| 178|0x000000071a800000, 0x000000071a800000, 0x000000071aa00000|  0%| F|  |TAMS 0x000000071a800000| PB 0x000000071a800000| Untracked |  0
| 179|0x000000071aa00000, 0x000000071aa00000, 0x000000071ac00000|  0%| F|  |TAMS 0x000000071aa00000| PB 0x000000071aa00000| Untracked |  0
| 180|0x000000071ac00000, 0x000000071ac00000, 0x000000071ae00000|  0%| F|  |TAMS 0x000000071ac00000| PB 0x000000071ac00000| Untracked |  0
| 181|0x000000071ae00000, 0x000000071ae00000, 0x000000071b000000|  0%| F|  |TAMS 0x000000071ae00000| PB 0x000000071ae00000| Untracked |  0
| 182|0x000000071b000000, 0x000000071b000000, 0x000000071b200000|  0%| F|  |TAMS 0x000000071b000000| PB 0x000000071b000000| Untracked |  0
| 183|0x000000071b200000, 0x000000071b200000, 0x000000071b400000|  0%| F|  |TAMS 0x000000071b200000| PB 0x000000071b200000| Untracked |  0
| 184|0x000000071b400000, 0x000000071b400000, 0x000000071b600000|  0%| F|  |TAMS 0x000000071b400000| PB 0x000000071b400000| Untracked |  0
| 185|0x000000071b600000, 0x000000071b600000, 0x000000071b800000|  0%| F|  |TAMS 0x000000071b600000| PB 0x000000071b600000| Untracked |  0
| 186|0x000000071b800000, 0x000000071b800000, 0x000000071ba00000|  0%| F|  |TAMS 0x000000071b800000| PB 0x000000071b800000| Untracked |  0
| 187|0x000000071ba00000, 0x000000071ba00000, 0x000000071bc00000|  0%| F|  |TAMS 0x000000071ba00000| PB 0x000000071ba00000| Untracked |  0
| 188|0x000000071bc00000, 0x000000071bc00000, 0x000000071be00000|  0%| F|  |TAMS 0x000000071bc00000| PB 0x000000071bc00000| Untracked |  0
| 189|0x000000071be00000, 0x000000071be00000, 0x000000071c000000|  0%| F|  |TAMS 0x000000071be00000| PB 0x000000071be00000| Untracked |  0
| 190|0x000000071c000000, 0x000000071c000000, 0x000000071c200000|  0%| F|  |TAMS 0x000000071c000000| PB 0x000000071c000000| Untracked |  0
| 191|0x000000071c200000, 0x000000071c200000, 0x000000071c400000|  0%| F|  |TAMS 0x000000071c200000| PB 0x000000071c200000| Untracked |  0
| 192|0x000000071c400000, 0x000000071c400000, 0x000000071c600000|  0%| F|  |TAMS 0x000000071c400000| PB 0x000000071c400000| Untracked |  0
| 193|0x000000071c600000, 0x000000071c600000, 0x000000071c800000|  0%| F|  |TAMS 0x000000071c600000| PB 0x000000071c600000| Untracked |  0
| 194|0x000000071c800000, 0x000000071c800000, 0x000000071ca00000|  0%| F|  |TAMS 0x000000071c800000| PB 0x000000071c800000| Untracked |  0
| 195|0x000000071ca00000, 0x000000071ca00000, 0x000000071cc00000|  0%| F|  |TAMS 0x000000071ca00000| PB 0x000000071ca00000| Untracked |  0
| 196|0x000000071cc00000, 0x000000071cc00000, 0x000000071ce00000|  0%| F|  |TAMS 0x000000071cc00000| PB 0x000000071cc00000| Untracked |  0
| 197|0x000000071ce00000, 0x000000071ce00000, 0x000000071d000000|  0%| F|  |TAMS 0x000000071ce00000| PB 0x000000071ce00000| Untracked |  0
| 198|0x000000071d000000, 0x000000071d000000, 0x000000071d200000|  0%| F|  |TAMS 0x000000071d000000| PB 0x000000071d000000| Untracked |  0
| 199|0x000000071d200000, 0x000000071d200000, 0x000000071d400000|  0%| F|  |TAMS 0x000000071d200000| PB 0x000000071d200000| Untracked |  0
| 200|0x000000071d400000, 0x000000071d400000, 0x000000071d600000|  0%| F|  |TAMS 0x000000071d400000| PB 0x000000071d400000| Untracked |  0
| 201|0x000000071d600000, 0x000000071d600000, 0x000000071d800000|  0%| F|  |TAMS 0x000000071d600000| PB 0x000000071d600000| Untracked |  0
| 202|0x000000071d800000, 0x000000071d800000, 0x000000071da00000|  0%| F|  |TAMS 0x000000071d800000| PB 0x000000071d800000| Untracked |  0
| 203|0x000000071da00000, 0x000000071da00000, 0x000000071dc00000|  0%| F|  |TAMS 0x000000071da00000| PB 0x000000071da00000| Untracked |  0
| 204|0x000000071dc00000, 0x000000071dc00000, 0x000000071de00000|  0%| F|  |TAMS 0x000000071dc00000| PB 0x000000071dc00000| Untracked |  0
| 205|0x000000071de00000, 0x000000071de00000, 0x000000071e000000|  0%| F|  |TAMS 0x000000071de00000| PB 0x000000071de00000| Untracked |  0
| 206|0x000000071e000000, 0x000000071e000000, 0x000000071e200000|  0%| F|  |TAMS 0x000000071e000000| PB 0x000000071e000000| Untracked |  0
| 207|0x000000071e200000, 0x000000071e200000, 0x000000071e400000|  0%| F|  |TAMS 0x000000071e200000| PB 0x000000071e200000| Untracked |  0
| 208|0x000000071e400000, 0x000000071e400000, 0x000000071e600000|  0%| F|  |TAMS 0x000000071e400000| PB 0x000000071e400000| Untracked |  0
| 209|0x000000071e600000, 0x000000071e600000, 0x000000071e800000|  0%| F|  |TAMS 0x000000071e600000| PB 0x000000071e600000| Untracked |  0
| 210|0x000000071e800000, 0x000000071e800000, 0x000000071ea00000|  0%| F|  |TAMS 0x000000071e800000| PB 0x000000071e800000| Untracked |  0
| 211|0x000000071ea00000, 0x000000071ea00000, 0x000000071ec00000|  0%| F|  |TAMS 0x000000071ea00000| PB 0x000000071ea00000| Untracked |  0
| 212|0x000000071ec00000, 0x000000071ec00000, 0x000000071ee00000|  0%| F|  |TAMS 0x000000071ec00000| PB 0x000000071ec00000| Untracked |  0
| 213|0x000000071ee00000, 0x000000071ee00000, 0x000000071f000000|  0%| F|  |TAMS 0x000000071ee00000| PB 0x000000071ee00000| Untracked |  0
| 214|0x000000071f000000, 0x000000071f000000, 0x000000071f200000|  0%| F|  |TAMS 0x000000071f000000| PB 0x000000071f000000| Untracked |  0
| 215|0x000000071f200000, 0x000000071f200000, 0x000000071f400000|  0%| F|  |TAMS 0x000000071f200000| PB 0x000000071f200000| Untracked |  0
| 216|0x000000071f400000, 0x000000071f400000, 0x000000071f600000|  0%| F|  |TAMS 0x000000071f400000| PB 0x000000071f400000| Untracked |  0
| 217|0x000000071f600000, 0x000000071f600000, 0x000000071f800000|  0%| F|  |TAMS 0x000000071f600000| PB 0x000000071f600000| Untracked |  0
| 218|0x000000071f800000, 0x000000071f800000, 0x000000071fa00000|  0%| F|  |TAMS 0x000000071f800000| PB 0x000000071f800000| Untracked |  0
| 219|0x000000071fa00000, 0x000000071fa00000, 0x000000071fc00000|  0%| F|  |TAMS 0x000000071fa00000| PB 0x000000071fa00000| Untracked |  0
| 220|0x000000071fc00000, 0x000000071fc00000, 0x000000071fe00000|  0%| F|  |TAMS 0x000000071fc00000| PB 0x000000071fc00000| Untracked |  0
| 221|0x000000071fe00000, 0x000000071fe00000, 0x0000000720000000|  0%| F|  |TAMS 0x000000071fe00000| PB 0x000000071fe00000| Untracked |  0
| 222|0x0000000720000000, 0x0000000720000000, 0x0000000720200000|  0%| F|  |TAMS 0x0000000720000000| PB 0x0000000720000000| Untracked |  0
| 223|0x0000000720200000, 0x0000000720200000, 0x0000000720400000|  0%| F|  |TAMS 0x0000000720200000| PB 0x0000000720200000| Untracked |  0
| 224|0x0000000720400000, 0x0000000720400000, 0x0000000720600000|  0%| F|  |TAMS 0x0000000720400000| PB 0x0000000720400000| Untracked |  0
| 225|0x0000000720600000, 0x0000000720600000, 0x0000000720800000|  0%| F|  |TAMS 0x0000000720600000| PB 0x0000000720600000| Untracked |  0
| 226|0x0000000720800000, 0x0000000720800000, 0x0000000720a00000|  0%| F|  |TAMS 0x0000000720800000| PB 0x0000000720800000| Untracked |  0
| 227|0x0000000720a00000, 0x0000000720a00000, 0x0000000720c00000|  0%| F|  |TAMS 0x0000000720a00000| PB 0x0000000720a00000| Untracked |  0
| 228|0x0000000720c00000, 0x0000000720c00000, 0x0000000720e00000|  0%| F|  |TAMS 0x0000000720c00000| PB 0x0000000720c00000| Untracked |  0
| 229|0x0000000720e00000, 0x0000000720e00000, 0x0000000721000000|  0%| F|  |TAMS 0x0000000720e00000| PB 0x0000000720e00000| Untracked |  0
| 230|0x0000000721000000, 0x0000000721000000, 0x0000000721200000|  0%| F|  |TAMS 0x0000000721000000| PB 0x0000000721000000| Untracked |  0
| 231|0x0000000721200000, 0x0000000721200000, 0x0000000721400000|  0%| F|  |TAMS 0x0000000721200000| PB 0x0000000721200000| Untracked |  0
| 232|0x0000000721400000, 0x0000000721400000, 0x0000000721600000|  0%| F|  |TAMS 0x0000000721400000| PB 0x0000000721400000| Untracked |  0
| 233|0x0000000721600000, 0x0000000721600000, 0x0000000721800000|  0%| F|  |TAMS 0x0000000721600000| PB 0x0000000721600000| Untracked |  0
| 234|0x0000000721800000, 0x0000000721800000, 0x0000000721a00000|  0%| F|  |TAMS 0x0000000721800000| PB 0x0000000721800000| Untracked |  0
| 235|0x0000000721a00000, 0x0000000721a00000, 0x0000000721c00000|  0%| F|  |TAMS 0x0000000721a00000| PB 0x0000000721a00000| Untracked |  0
| 236|0x0000000721c00000, 0x0000000721c00000, 0x0000000721e00000|  0%| F|  |TAMS 0x0000000721c00000| PB 0x0000000721c00000| Untracked |  0
| 237|0x0000000721e00000, 0x0000000721e00000, 0x0000000722000000|  0%| F|  |TAMS 0x0000000721e00000| PB 0x0000000721e00000| Untracked |  0
| 238|0x0000000722000000, 0x0000000722000000, 0x0000000722200000|  0%| F|  |TAMS 0x0000000722000000| PB 0x0000000722000000| Untracked |  0
| 239|0x0000000722200000, 0x0000000722200000, 0x0000000722400000|  0%| F|  |TAMS 0x0000000722200000| PB 0x0000000722200000| Untracked |  0
| 240|0x0000000722400000, 0x0000000722400000, 0x0000000722600000|  0%| F|  |TAMS 0x0000000722400000| PB 0x0000000722400000| Untracked |  0
| 241|0x0000000722600000, 0x0000000722600000, 0x0000000722800000|  0%| F|  |TAMS 0x0000000722600000| PB 0x0000000722600000| Untracked |  0
| 242|0x0000000722800000, 0x0000000722800000, 0x0000000722a00000|  0%| F|  |TAMS 0x0000000722800000| PB 0x0000000722800000| Untracked |  0
| 243|0x0000000722a00000, 0x0000000722a00000, 0x0000000722c00000|  0%| F|  |TAMS 0x0000000722a00000| PB 0x0000000722a00000| Untracked |  0
| 244|0x0000000722c00000, 0x0000000722c00000, 0x0000000722e00000|  0%| F|  |TAMS 0x0000000722c00000| PB 0x0000000722c00000| Untracked |  0
| 245|0x0000000722e00000, 0x0000000722e00000, 0x0000000723000000|  0%| F|  |TAMS 0x0000000722e00000| PB 0x0000000722e00000| Untracked |  0
| 246|0x0000000723000000, 0x0000000723000000, 0x0000000723200000|  0%| F|  |TAMS 0x0000000723000000| PB 0x0000000723000000| Untracked |  0
| 247|0x0000000723200000, 0x0000000723200000, 0x0000000723400000|  0%| F|  |TAMS 0x0000000723200000| PB 0x0000000723200000| Untracked |  0
| 248|0x0000000723400000, 0x0000000723400000, 0x0000000723600000|  0%| F|  |TAMS 0x0000000723400000| PB 0x0000000723400000| Untracked |  0
| 249|0x0000000723600000, 0x0000000723600000, 0x0000000723800000|  0%| F|  |TAMS 0x0000000723600000| PB 0x0000000723600000| Untracked |  0
| 250|0x0000000723800000, 0x0000000723800000, 0x0000000723a00000|  0%| F|  |TAMS 0x0000000723800000| PB 0x0000000723800000| Untracked |  0
| 251|0x0000000723a00000, 0x0000000723a00000, 0x0000000723c00000|  0%| F|  |TAMS 0x0000000723a00000| PB 0x0000000723a00000| Untracked |  0

Card table byte_map: [0x000001a1d61b0000,0x000001a1d6990000] _byte_map_base: 0x000001a1d298e000

Marking Bits: (CMBitMap*) 0x000001a1c1ec6580
 Bits: [0x000001a1d6990000, 0x000001a1da880000)

Polling page: 0x000001a1c05d0000

Metaspace:

Usage:
  Non-class:      7.71 MB used.
      Class:    731.34 KB used.
       Both:      8.43 MB used.

Virtual space:
  Non-class space:       64.00 MB reserved,       7.81 MB ( 12%) committed,  1 nodes.
      Class space:        1.00 GB reserved,     832.00 KB ( <1%) committed,  1 nodes.
             Both:        1.06 GB reserved,       8.62 MB ( <1%) committed. 

Chunk freelists:
   Non-Class:  8.23 MB
       Class:  15.24 MB
        Both:  23.48 MB

MaxMetaspaceSize: unlimited
CompressedClassSpaceSize: 1.00 GB
Initial GC threshold: 21.00 MB
Current GC threshold: 21.00 MB
CDS: off
 - commit_granule_bytes: 65536.
 - commit_granule_words: 8192.
 - virtual_space_node_default_size: 8388608.
 - enlarge_chunks_in_place: 1.
 - use_allocation_guard: 0.


Internal statistics:

num_allocs_failed_limit: 0.
num_arena_births: 16.
num_arena_deaths: 0.
num_vsnodes_births: 2.
num_vsnodes_deaths: 0.
num_space_committed: 138.
num_space_uncommitted: 0.
num_chunks_returned_to_freelist: 0.
num_chunks_taken_from_freelist: 39.
num_chunk_merges: 0.
num_chunk_splits: 16.
num_chunks_enlarged: 6.
num_inconsistent_stats: 0.

CodeHeap 'non-profiled nmethods': size=119168Kb used=371Kb max_used=371Kb free=118796Kb
 bounds [0x000001a1cd5c0000, 0x000001a1cd830000, 0x000001a1d4a20000]
CodeHeap 'profiled nmethods': size=119104Kb used=832Kb max_used=832Kb free=118271Kb
 bounds [0x000001a1c5a20000, 0x000001a1c5c90000, 0x000001a1cce70000]
CodeHeap 'non-nmethods': size=7488Kb used=3132Kb max_used=3204Kb free=4355Kb
 bounds [0x000001a1cce70000, 0x000001a1cd1a0000, 0x000001a1cd5c0000]
 total_blobs=1044 nmethods=605 adapters=341
 compilation: enabled
              stopped_count=0, restarted_count=0
 full_count=0

Compilation events (20 events):
Event: 0.780 Thread 0x000001a1e2337010  596       4       java.nio.ByteBuffer::position (8 bytes)
Event: 0.780 Thread 0x000001a1e2337010 nmethod 596 0x000001a1cd611b90 code [0x000001a1cd611d20, 0x000001a1cd611e10]
Event: 0.897 Thread 0x000001a1e20f8dc0  597       4       java.nio.ByteBuffer::position (6 bytes)
Event: 0.899 Thread 0x000001a1e20f8dc0 nmethod 597 0x000001a1cd611f10 code [0x000001a1cd6120a0, 0x000001a1cd6121b0]
Event: 0.903 Thread 0x000001a1e20f7ee0  598   !   4       java.nio.charset.CharsetDecoder::decode (275 bytes)
Event: 0.904 Thread 0x000001a1e20f8dc0  599       4       sun.nio.cs.UTF_8$Decoder::decodeArrayLoop (688 bytes)
Event: 0.905 Thread 0x000001a1dda11030  600       4       java.lang.System$2::decodeASCII (11 bytes)
Event: 0.907 Thread 0x000001a1dda11030 nmethod 600 0x000001a1cd612310 code [0x000001a1cd6124a0, 0x000001a1cd612810]
Event: 0.910 Thread 0x000001a1e20f7ee0 nmethod 598 0x000001a1cd612910 code [0x000001a1cd612ae0, 0x000001a1cd612d78]
Event: 0.916 Thread 0x000001a1e20f8dc0 nmethod 599 0x000001a1cd613090 code [0x000001a1cd613280, 0x000001a1cd613c90]
Event: 0.979 Thread 0x000001a1e2070130  601   !   4       java.util.Scanner::readInput (136 bytes)
Event: 1.009 Thread 0x000001a1e20f8dc0  602       4       java.io.Reader::read (115 bytes)
Event: 1.009 Thread 0x000001a1dda11030  603   !   4       sun.nio.cs.StreamDecoder::read (78 bytes)
Event: 1.010 Thread 0x000001a1e20f7ee0  604       4       sun.nio.cs.StreamDecoder::lockedRead (189 bytes)
Event: 1.014 Thread 0x000001a1e2070130 nmethod 601 0x000001a1cd614490 code [0x000001a1cd614760, 0x000001a1cd615d28]
Event: 1.014 Thread 0x000001a1e2070130  605       4       sun.nio.cs.StreamDecoder::implRead (232 bytes)
Event: 1.034 Thread 0x000001a1e20f7ee0 nmethod 604 0x000001a1cd617110 code [0x000001a1cd617340, 0x000001a1cd617b10]
Event: 1.034 Thread 0x000001a1e2070130 nmethod 605 0x000001a1cd618590 code [0x000001a1cd6187a0, 0x000001a1cd618e20]
Event: 1.035 Thread 0x000001a1dda11030 nmethod 603 0x000001a1cd619890 code [0x000001a1cd619ae0, 0x000001a1cd61a510]
Event: 1.035 Thread 0x000001a1e20f8dc0 nmethod 602 0x000001a1cd61b190 code [0x000001a1cd61b3e0, 0x000001a1cd61c168]

GC Heap History (19 events):
Event: 0.393 GC heap before
{Heap before GC invocations=0 (full 0):
 garbage-first heap   total reserved 4124672K, committed 258048K, used 24576K [0x0000000704400000, 0x0000000800000000)
  region size 2048K, 12 young (24576K), 0 survivors (0K)
 Metaspace       used 8523K, committed 8704K, reserved 1114112K
  class space    used 731K, committed 832K, reserved 1048576K
}
Event: 0.396 GC heap after
{Heap after GC invocations=1 (full 0):
 garbage-first heap   total reserved 4124672K, committed 258048K, used 1843K [0x0000000704400000, 0x0000000800000000)
  region size 2048K, 1 young (2048K), 1 survivors (2048K)
 Metaspace       used 8523K, committed 8704K, reserved 1114112K
  class space    used 731K, committed 832K, reserved 1048576K
}
Event: 0.471 GC heap before
{Heap before GC invocations=1 (full 0):
 garbage-first heap   total reserved 4124672K, committed 258048K, used 46899K [0x0000000704400000, 0x0000000800000000)
  region size 2048K, 23 young (47104K), 1 survivors (2048K)
 Metaspace       used 8565K, committed 8768K, reserved 1114112K
  class space    used 731K, committed 832K, reserved 1048576K
}
Event: 0.475 GC heap after
{Heap after GC invocations=2 (full 0):
 garbage-first heap   total reserved 4124672K, committed 258048K, used 3151K [0x0000000704400000, 0x0000000800000000)
  region size 2048K, 2 young (4096K), 2 survivors (4096K)
 Metaspace       used 8565K, committed 8768K, reserved 1114112K
  class space    used 731K, committed 832K, reserved 1048576K
}
Event: 0.687 GC heap before
{Heap before GC invocations=2 (full 0):
 garbage-first heap   total reserved 4124672K, committed 258048K, used 150607K [0x0000000704400000, 0x0000000800000000)
  region size 2048K, 75 young (153600K), 2 survivors (4096K)
 Metaspace       used 8625K, committed 8832K, reserved 1114112K
  class space    used 731K, committed 832K, reserved 1048576K
}
Event: 0.696 GC heap after
{Heap after GC invocations=3 (full 0):
 garbage-first heap   total reserved 4124672K, committed 258048K, used 7972K [0x0000000704400000, 0x0000000800000000)
  region size 2048K, 4 young (8192K), 4 survivors (8192K)
 Metaspace       used 8625K, committed 8832K, reserved 1114112K
  class space    used 731K, committed 832K, reserved 1048576K
}
Event: 0.801 GC heap before
{Heap before GC invocations=3 (full 0):
 garbage-first heap   total reserved 4124672K, committed 258048K, used 157476K [0x0000000704400000, 0x0000000800000000)
  region size 2048K, 75 young (153600K), 4 survivors (8192K)
 Metaspace       used 8628K, committed 8832K, reserved 1114112K
  class space    used 731K, committed 832K, reserved 1048576K
}
Event: 0.812 GC heap after
{Heap after GC invocations=4 (full 0):
 garbage-first heap   total reserved 4124672K, committed 258048K, used 14507K [0x0000000704400000, 0x0000000800000000)
  region size 2048K, 6 young (12288K), 6 survivors (12288K)
 Metaspace       used 8628K, committed 8832K, reserved 1114112K
  class space    used 731K, committed 832K, reserved 1048576K
}
Event: 0.941 GC heap before
{Heap before GC invocations=4 (full 0):
 garbage-first heap   total reserved 4124672K, committed 258048K, used 164011K [0x0000000704400000, 0x0000000800000000)
  region size 2048K, 75 young (153600K), 6 survivors (12288K)
 Metaspace       used 8628K, committed 8832K, reserved 1114112K
  class space    used 731K, committed 832K, reserved 1048576K
}
Event: 0.970 GC heap after
{Heap after GC invocations=5 (full 0):
 garbage-first heap   total reserved 4124672K, committed 258048K, used 26624K [0x0000000704400000, 0x0000000800000000)
  region size 2048K, 7 young (14336K), 7 survivors (14336K)
 Metaspace       used 8628K, committed 8832K, reserved 1114112K
  class space    used 731K, committed 832K, reserved 1048576K
}
Event: 1.114 GC heap before
{Heap before GC invocations=5 (full 0):
 garbage-first heap   total reserved 4124672K, committed 258048K, used 165888K [0x0000000704400000, 0x0000000800000000)
  region size 2048K, 75 young (153600K), 7 survivors (14336K)
 Metaspace       used 8628K, committed 8832K, reserved 1114112K
  class space    used 731K, committed 832K, reserved 1048576K
}
Event: 1.136 GC heap after
{Heap after GC invocations=6 (full 0):
 garbage-first heap   total reserved 4124672K, committed 516096K, used 30978K [0x0000000704400000, 0x0000000800000000)
  region size 2048K, 6 young (12288K), 6 survivors (12288K)
 Metaspace       used 8628K, committed 8832K, reserved 1114112K
  class space    used 731K, committed 832K, reserved 1048576K
}
Event: 1.491 GC heap before
{Heap before GC invocations=6 (full 0):
 garbage-first heap   total reserved 4124672K, committed 516096K, used 336130K [0x0000000704400000, 0x0000000800000000)
  region size 2048K, 151 young (309248K), 6 survivors (12288K)
 Metaspace       used 8628K, committed 8832K, reserved 1114112K
  class space    used 731K, committed 832K, reserved 1048576K
}
Event: 1.520 GC heap after
{Heap after GC invocations=7 (full 0):
 garbage-first heap   total reserved 4124672K, committed 516096K, used 45314K [0x0000000704400000, 0x0000000800000000)
  region size 2048K, 9 young (18432K), 9 survivors (18432K)
 Metaspace       used 8628K, committed 8832K, reserved 1114112K
  class space    used 731K, committed 832K, reserved 1048576K
}
Event: 1.765 GC heap before
{Heap before GC invocations=7 (full 0):
 garbage-first heap   total reserved 4124672K, committed 516096K, used 348418K [0x0000000704400000, 0x0000000800000000)
  region size 2048K, 151 young (309248K), 9 survivors (18432K)
 Metaspace       used 8628K, committed 8832K, reserved 1114112K
  class space    used 731K, committed 832K, reserved 1048576K
}
Event: 1.804 GC heap after
{Heap after GC invocations=8 (full 0):
 garbage-first heap   total reserved 4124672K, committed 516096K, used 66584K [0x0000000704400000, 0x0000000800000000)
  region size 2048K, 14 young (28672K), 14 survivors (28672K)
 Metaspace       used 8628K, committed 8832K, reserved 1114112K
  class space    used 731K, committed 832K, reserved 1048576K
}
Event: 2.040 GC heap before
{Heap before GC invocations=8 (full 0):
 garbage-first heap   total reserved 4124672K, committed 516096K, used 347160K [0x0000000704400000, 0x0000000800000000)
  region size 2048K, 151 young (309248K), 14 survivors (28672K)
 Metaspace       used 8628K, committed 8832K, reserved 1114112K
  class space    used 731K, committed 832K, reserved 1048576K
}
Event: 2.082 GC heap after
{Heap after GC invocations=9 (full 0):
 garbage-first heap   total reserved 4124672K, committed 516096K, used 73325K [0x0000000704400000, 0x0000000800000000)
  region size 2048K, 14 young (28672K), 14 survivors (28672K)
 Metaspace       used 8628K, committed 8832K, reserved 1114112K
  class space    used 731K, committed 832K, reserved 1048576K
}
Event: 2.349 GC heap before
{Heap before GC invocations=9 (full 0):
 garbage-first heap   total reserved 4124672K, committed 516096K, used 370285K [0x0000000704400000, 0x0000000800000000)
  region size 2048K, 151 young (309248K), 14 survivors (28672K)
 Metaspace       used 8628K, committed 8832K, reserved 1114112K
  class space    used 731K, committed 832K, reserved 1048576K
}

Dll operation events (6 events):
Event: 0.019 Loaded shared library C:\Users\theca\.p2\pool\plugins\org.eclipse.justj.openjdk.hotspot.jre.full.win32.x86_64_22.0.2.v20240802-1626\jre\bin\java.dll
Event: 0.026 Loaded shared library C:\Users\theca\.p2\pool\plugins\org.eclipse.justj.openjdk.hotspot.jre.full.win32.x86_64_22.0.2.v20240802-1626\jre\bin\zip.dll
Event: 0.163 Loaded shared library C:\Users\theca\.p2\pool\plugins\org.eclipse.justj.openjdk.hotspot.jre.full.win32.x86_64_22.0.2.v20240802-1626\jre\bin\net.dll
Event: 0.166 Loaded shared library C:\Users\theca\.p2\pool\plugins\org.eclipse.justj.openjdk.hotspot.jre.full.win32.x86_64_22.0.2.v20240802-1626\jre\bin\nio.dll
Event: 0.256 Loaded shared library C:\Users\theca\.p2\pool\plugins\org.eclipse.justj.openjdk.hotspot.jre.full.win32.x86_64_22.0.2.v20240802-1626\jre\bin\jimage.dll
Event: 0.261 Loaded shared library C:\Users\theca\.p2\pool\plugins\org.eclipse.justj.openjdk.hotspot.jre.full.win32.x86_64_22.0.2.v20240802-1626\jre\bin\zip.dll

Deoptimization events (20 events):
Event: 0.435 Thread 0x000001a1c039feb0 DEOPT PACKING pc=0x000001a1c5aa51c3 sp=0x00000043ad5ff040
Event: 0.435 Thread 0x000001a1c039feb0 DEOPT UNPACKING pc=0x000001a1ccec88e2 sp=0x00000043ad5fe4b8 mode 0
Event: 0.436 Thread 0x000001a1c039feb0 DEOPT PACKING pc=0x000001a1c5aa51c3 sp=0x00000043ad5ff040
Event: 0.436 Thread 0x000001a1c039feb0 DEOPT UNPACKING pc=0x000001a1ccec88e2 sp=0x00000043ad5fe4b8 mode 0
Event: 0.437 Thread 0x000001a1c039feb0 DEOPT PACKING pc=0x000001a1c5aa51c3 sp=0x00000043ad5ff040
Event: 0.437 Thread 0x000001a1c039feb0 DEOPT UNPACKING pc=0x000001a1ccec88e2 sp=0x00000043ad5fe4b8 mode 0
Event: 0.438 Thread 0x000001a1c039feb0 DEOPT PACKING pc=0x000001a1c5aa51c3 sp=0x00000043ad5ff040
Event: 0.438 Thread 0x000001a1c039feb0 DEOPT UNPACKING pc=0x000001a1ccec88e2 sp=0x00000043ad5fe4b8 mode 0
Event: 0.440 Thread 0x000001a1c039feb0 DEOPT PACKING pc=0x000001a1c5aa51c3 sp=0x00000043ad5ff040
Event: 0.440 Thread 0x000001a1c039feb0 DEOPT UNPACKING pc=0x000001a1ccec88e2 sp=0x00000043ad5fe4b8 mode 0
Event: 0.441 Thread 0x000001a1c039feb0 DEOPT PACKING pc=0x000001a1c5aa51c3 sp=0x00000043ad5fef60
Event: 0.441 Thread 0x000001a1c039feb0 DEOPT UNPACKING pc=0x000001a1ccec88e2 sp=0x00000043ad5fe3d8 mode 0
Event: 0.591 Thread 0x000001a1c039feb0 DEOPT PACKING pc=0x000001a1c5ac265f sp=0x00000043ad5ff6a0
Event: 0.591 Thread 0x000001a1c039feb0 DEOPT UNPACKING pc=0x000001a1ccec88e2 sp=0x00000043ad5feca0 mode 0
Event: 0.599 Thread 0x000001a1c039feb0 Uncommon trap: trap_request=0xffffff45 fr.pc=0x000001a1cd6065e8 relative=0x0000000000000708
Event: 0.599 Thread 0x000001a1c039feb0 Uncommon trap: reason=unstable_if action=reinterpret pc=0x000001a1cd6065e8 method=lab12b.Q9Final.main([Ljava/lang/String;)V @ 73 c2
Event: 0.599 Thread 0x000001a1c039feb0 DEOPT PACKING pc=0x000001a1cd6065e8 sp=0x00000043ad5ff810
Event: 0.599 Thread 0x000001a1c039feb0 DEOPT UNPACKING pc=0x000001a1ccec7da2 sp=0x00000043ad5ff7a8 mode 2
Event: 0.719 Thread 0x000001a1c039feb0 DEOPT PACKING pc=0x000001a1c5ad22b7 sp=0x00000043ad5ff6a0
Event: 0.719 Thread 0x000001a1c039feb0 DEOPT UNPACKING pc=0x000001a1ccec88e2 sp=0x00000043ad5feca0 mode 0

Classes loaded (20 events):
Event: 0.284 Loading class java/math/RoundingMode
Event: 0.284 Loading class java/math/RoundingMode done
Event: 0.284 Loading class java/util/regex/Pattern$Ques
Event: 0.284 Loading class java/util/regex/Pattern$Ques done
Event: 0.285 Loading class java/util/regex/Pattern$BranchConn
Event: 0.285 Loading class java/util/regex/Pattern$BranchConn done
Event: 0.285 Loading class java/util/regex/Pattern$Branch
Event: 0.285 Loading class java/util/regex/Pattern$Branch done
Event: 0.285 Loading class java/util/regex/Pattern$GroupCurly
Event: 0.285 Loading class java/util/regex/Pattern$GroupCurly done
Event: 0.286 Loading class java/nio/charset/CoderResult
Event: 0.286 Loading class java/nio/charset/CoderResult done
Event: 0.286 Loading class java/nio/channels/spi/AbstractInterruptibleChannel$1
Event: 0.286 Loading class sun/nio/ch/Interruptible
Event: 0.286 Loading class sun/nio/ch/Interruptible done
Event: 0.286 Loading class java/nio/channels/spi/AbstractInterruptibleChannel$1 done
Event: 0.287 Loading class java/util/concurrent/ConcurrentHashMap$ForwardingNode
Event: 0.287 Loading class java/util/concurrent/ConcurrentHashMap$ForwardingNode done
Event: 0.312 Loading class java/lang/foreign/MemorySegment
Event: 0.312 Loading class java/lang/foreign/MemorySegment done

Classes unloaded (0 events):
No events

Classes redefined (0 events):
No events

Internal exceptions (2 events):
Event: 0.182 Thread 0x000001a1c039feb0 Exception <a 'java/lang/NoSuchMethodError'{0x0000000713c9feb0}: 'void java.lang.invoke.DirectMethodHandle$Holder.invokeVirtual(java.lang.Object, java.lang.Object)'> (0x0000000713c9feb0) 
thrown [s\src\hotspot\share\interpreter\linkResolver.cpp, line 774]
Event: 0.183 Thread 0x000001a1c039feb0 Exception <a 'java/lang/NoSuchMethodError'{0x0000000713cab260}: 'java.lang.Object java.lang.invoke.DirectMethodHandle$Holder.invokeInterface(java.lang.Object, java.lang.Object, java.lang.Object)'> (0x0000000713cab260) 
thrown [s\src\hotspot\share\interpreter\linkResolver.cpp, line 774]

ZGC Phase Switch (0 events):
No events

VM Operations (20 events):
Event: 0.196 Executing VM operation: HandshakeAllThreads (Deoptimize) done
Event: 0.392 Executing VM operation: G1CollectForAllocation (G1 Evacuation Pause)
Event: 0.396 Executing VM operation: G1CollectForAllocation (G1 Evacuation Pause) done
Event: 0.471 Executing VM operation: G1CollectForAllocation (G1 Evacuation Pause)
Event: 0.475 Executing VM operation: G1CollectForAllocation (G1 Evacuation Pause) done
Event: 0.687 Executing VM operation: G1CollectForAllocation (G1 Evacuation Pause)
Event: 0.696 Executing VM operation: G1CollectForAllocation (G1 Evacuation Pause) done
Event: 0.801 Executing VM operation: G1CollectForAllocation (G1 Evacuation Pause)
Event: 0.812 Executing VM operation: G1CollectForAllocation (G1 Evacuation Pause) done
Event: 0.941 Executing VM operation: G1CollectForAllocation (G1 Evacuation Pause)
Event: 0.970 Executing VM operation: G1CollectForAllocation (G1 Evacuation Pause) done
Event: 1.114 Executing VM operation: G1CollectForAllocation (G1 Evacuation Pause)
Event: 1.136 Executing VM operation: G1CollectForAllocation (G1 Evacuation Pause) done
Event: 1.491 Executing VM operation: G1CollectForAllocation (G1 Evacuation Pause)
Event: 1.520 Executing VM operation: G1CollectForAllocation (G1 Evacuation Pause) done
Event: 1.765 Executing VM operation: G1CollectForAllocation (G1 Evacuation Pause)
Event: 1.804 Executing VM operation: G1CollectForAllocation (G1 Evacuation Pause) done
Event: 2.039 Executing VM operation: G1CollectForAllocation (G1 Evacuation Pause)
Event: 2.083 Executing VM operation: G1CollectForAllocation (G1 Evacuation Pause) done
Event: 2.348 Executing VM operation: G1CollectForAllocation (G1 Evacuation Pause)

Memory protections (0 events):
No events

Nmethod flushes (0 events):
No events

Events (20 events):
Event: 0.080 Thread 0x000001a1c039feb0 Thread added: 0x000001a1dd9d3eb0
Event: 0.080 Thread 0x000001a1c039feb0 Thread added: 0x000001a1dd9d4520
Event: 0.080 Thread 0x000001a1c039feb0 Thread added: 0x000001a1dd9dd310
Event: 0.080 Thread 0x000001a1c039feb0 Thread added: 0x000001a1dd9fcd30
Event: 0.080 Thread 0x000001a1c039feb0 Thread added: 0x000001a1dda11030
Event: 0.080 Thread 0x000001a1c039feb0 Thread added: 0x000001a1dda1cdc0
Event: 0.150 Thread 0x000001a1c039feb0 Thread added: 0x000001a1dd8e2f80
Event: 0.200 Thread 0x000001a1dda1cdc0 Thread added: 0x000001a1ddbff930
Event: 0.210 Thread 0x000001a1c039feb0 Thread added: 0x000001a1ddd3d680
Event: 0.292 Thread 0x000001a1ddbff930 Thread added: 0x000001a1e2147680
Event: 0.292 Thread 0x000001a1ddbff930 Thread added: 0x000001a1e206f660
Event: 0.295 Thread 0x000001a1dda1cdc0 Thread added: 0x000001a1e2070130
Event: 0.298 Thread 0x000001a1e2147680 Thread added: 0x000001a1e20f7ee0
Event: 0.301 Thread 0x000001a1e2070130 Thread added: 0x000001a1e20f8dc0
Event: 0.305 Thread 0x000001a1e2070130 Thread added: 0x000001a1e2337010
Event: 0.313 Thread 0x000001a1dda11030 Thread added: 0x000001a1e241f660
Event: 0.313 Thread 0x000001a1dda11030 Thread added: 0x000001a1e241fd20
Event: 0.712 Thread 0x000001a1e241fd20 Thread exited: 0x000001a1e241fd20
Event: 0.897 Thread 0x000001a1e241f660 Thread exited: 0x000001a1e241f660
Event: 0.903 Thread 0x000001a1e2337010 Thread exited: 0x000001a1e2337010


Dynamic libraries:
0x00007ff6b8ac0000 - 0x00007ff6b8ace000 	C:\Users\theca\.p2\pool\plugins\org.eclipse.justj.openjdk.hotspot.jre.full.win32.x86_64_22.0.2.v20240802-1626\jre\bin\javaw.exe
0x00007fff93620000 - 0x00007fff93883000 	C:\WINDOWS\SYSTEM32\ntdll.dll
0x00007fff92e90000 - 0x00007fff92f58000 	C:\WINDOWS\System32\KERNEL32.DLL
0x00007fff909f0000 - 0x00007fff90da2000 	C:\WINDOWS\System32\KERNELBASE.dll
0x00007fff90fc0000 - 0x00007fff9110b000 	C:\WINDOWS\System32\ucrtbase.dll
0x00007fff6b010000 - 0x00007fff6b02b000 	C:\Users\theca\.p2\pool\plugins\org.eclipse.justj.openjdk.hotspot.jre.full.win32.x86_64_22.0.2.v20240802-1626\jre\bin\VCRUNTIME140.dll
0x00007fff6b480000 - 0x00007fff6b497000 	C:\Users\theca\.p2\pool\plugins\org.eclipse.justj.openjdk.hotspot.jre.full.win32.x86_64_22.0.2.v20240802-1626\jre\bin\jli.dll
0x00007fff91d80000 - 0x00007fff91f48000 	C:\WINDOWS\System32\USER32.dll
0x00007fff91450000 - 0x00007fff91477000 	C:\WINDOWS\System32\win32u.dll
0x00007fff6f910000 - 0x00007fff6fba0000 	C:\WINDOWS\WinSxS\amd64_microsoft.windows.common-controls_6595b64144ccf1df_6.0.26100.2454_none_3e0b68a2e331ad60\COMCTL32.dll
0x00007fff91d50000 - 0x00007fff91d7a000 	C:\WINDOWS\System32\GDI32.dll
0x00007fff921d0000 - 0x00007fff92279000 	C:\WINDOWS\System32\msvcrt.dll
0x00007fff91280000 - 0x00007fff913ab000 	C:\WINDOWS\System32\gdi32full.dll
0x00007fff911d0000 - 0x00007fff91273000 	C:\WINDOWS\System32\msvcp_win.dll
0x00007fff91480000 - 0x00007fff914af000 	C:\WINDOWS\System32\IMM32.DLL
0x00007fff88530000 - 0x00007fff8853c000 	C:\Users\theca\.p2\pool\plugins\org.eclipse.justj.openjdk.hotspot.jre.full.win32.x86_64_22.0.2.v20240802-1626\jre\bin\vcruntime140_1.dll
0x00007fff62150000 - 0x00007fff621de000 	C:\Users\theca\.p2\pool\plugins\org.eclipse.justj.openjdk.hotspot.jre.full.win32.x86_64_22.0.2.v20240802-1626\jre\bin\msvcp140.dll
0x00007ffe9f840000 - 0x00007ffea0603000 	C:\Users\theca\.p2\pool\plugins\org.eclipse.justj.openjdk.hotspot.jre.full.win32.x86_64_22.0.2.v20240802-1626\jre\bin\server\jvm.dll
0x00007fff92280000 - 0x00007fff92334000 	C:\WINDOWS\System32\ADVAPI32.dll
0x00007fff91950000 - 0x00007fff919f6000 	C:\WINDOWS\System32\sechost.dll
0x00007fff933a0000 - 0x00007fff934b6000 	C:\WINDOWS\System32\RPCRT4.dll
0x00007fff92430000 - 0x00007fff924a4000 	C:\WINDOWS\System32\WS2_32.dll
0x00007fff82b40000 - 0x00007fff82b76000 	C:\WINDOWS\SYSTEM32\WINMM.dll
0x00007fff8f6c0000 - 0x00007fff8f70e000 	C:\WINDOWS\SYSTEM32\POWRPROF.dll
0x00007fff87eb0000 - 0x00007fff87ebb000 	C:\WINDOWS\SYSTEM32\VERSION.dll
0x00007fff8f6a0000 - 0x00007fff8f6b4000 	C:\WINDOWS\SYSTEM32\UMPDC.dll
0x00007fff8f940000 - 0x00007fff8f95a000 	C:\WINDOWS\SYSTEM32\kernel.appcore.dll
0x00007fff882e0000 - 0x00007fff882ea000 	C:\Users\theca\.p2\pool\plugins\org.eclipse.justj.openjdk.hotspot.jre.full.win32.x86_64_22.0.2.v20240802-1626\jre\bin\jimage.dll
0x00007fff8e250000 - 0x00007fff8e491000 	C:\WINDOWS\SYSTEM32\DBGHELP.DLL
0x00007fff92f60000 - 0x00007fff932de000 	C:\WINDOWS\System32\combase.dll
0x00007fff91f50000 - 0x00007fff92026000 	C:\WINDOWS\System32\OLEAUT32.dll
0x00007fff891b0000 - 0x00007fff891e9000 	C:\WINDOWS\SYSTEM32\dbgcore.DLL
0x00007fff913b0000 - 0x00007fff91449000 	C:\WINDOWS\System32\bcryptPrimitives.dll
0x00007fff6b440000 - 0x00007fff6b45e000 	C:\Users\theca\.p2\pool\plugins\org.eclipse.justj.openjdk.hotspot.jre.full.win32.x86_64_22.0.2.v20240802-1626\jre\bin\java.dll
0x00007fff92780000 - 0x00007fff92e80000 	C:\WINDOWS\System32\SHELL32.dll
0x00007fff92030000 - 0x00007fff921c9000 	C:\WINDOWS\System32\ole32.dll
0x00007fff6b3c0000 - 0x00007fff6b3d7000 	C:\Users\theca\.p2\pool\plugins\org.eclipse.justj.openjdk.hotspot.jre.full.win32.x86_64_22.0.2.v20240802-1626\jre\bin\zip.dll
0x00007fff8e740000 - 0x00007fff8ef71000 	C:\WINDOWS\SYSTEM32\windows.storage.dll
0x00007fff91c50000 - 0x00007fff91d2a000 	C:\WINDOWS\System32\SHCORE.dll
0x00007fff91a00000 - 0x00007fff91a5d000 	C:\WINDOWS\System32\shlwapi.dll
0x00007fff90900000 - 0x00007fff9092e000 	C:\WINDOWS\SYSTEM32\profapi.dll
0x00007fff854c0000 - 0x00007fff854d0000 	C:\Users\theca\.p2\pool\plugins\org.eclipse.justj.openjdk.hotspot.jre.full.win32.x86_64_22.0.2.v20240802-1626\jre\bin\net.dll
0x00007fff8fe40000 - 0x00007fff8fea8000 	C:\WINDOWS\system32\mswsock.dll
0x00007fff6b3a0000 - 0x00007fff6b3b6000 	C:\Users\theca\.p2\pool\plugins\org.eclipse.justj.openjdk.hotspot.jre.full.win32.x86_64_22.0.2.v20240802-1626\jre\bin\nio.dll

dbghelp: loaded successfully - version: 4.0.5 - missing functions: none
symbol engine: initialized successfully - sym options: 0x614 - pdb path: .;C:\Users\theca\.p2\pool\plugins\org.eclipse.justj.openjdk.hotspot.jre.full.win32.x86_64_22.0.2.v20240802-1626\jre\bin;C:\WINDOWS\SYSTEM32;C:\WINDOWS\WinSxS\amd64_microsoft.windows.common-controls_6595b64144ccf1df_6.0.26100.2454_none_3e0b68a2e331ad60;C:\Users\theca\.p2\pool\plugins\org.eclipse.justj.openjdk.hotspot.jre.full.win32.x86_64_22.0.2.v20240802-1626\jre\bin\server

VM Arguments:
jvm_args: -Dfile.encoding=UTF-8 -Dstdout.encoding=UTF-8 -Dstderr.encoding=UTF-8 --module-path=C:\Users\theca\Documents\GitHub\CS-114-Code\Lab12b\bin -XX:+ShowCodeDetailsInExceptionMessages -Djdk.module.main=Lab12b 
java_command: Lab12b/lab12b.Q9Final
java_class_path (initial): <not set>
Launcher Type: SUN_STANDARD

[Global flags]
     intx CICompilerCount                          = 12                                        {product} {ergonomic}
     uint ConcGCThreads                            = 3                                         {product} {ergonomic}
     uint G1ConcRefinementThreads                  = 13                                        {product} {ergonomic}
   size_t G1HeapRegionSize                         = 2097152                                   {product} {ergonomic}
   size_t InitialHeapSize                          = 264241152                                 {product} {ergonomic}
   size_t MarkStackSize                            = 4194304                                   {product} {ergonomic}
   size_t MaxHeapSize                              = 4223664128                                {product} {ergonomic}
   size_t MaxNewSize                               = 2533359616                                {product} {ergonomic}
   size_t MinHeapDeltaBytes                        = 2097152                                   {product} {ergonomic}
   size_t MinHeapSize                              = 8388608                                   {product} {ergonomic}
    uintx NonNMethodCodeHeapSize                   = 7602480                                {pd product} {ergonomic}
    uintx NonProfiledCodeHeapSize                  = 122027880                              {pd product} {ergonomic}
    uintx ProfiledCodeHeapSize                     = 122027880                              {pd product} {ergonomic}
    uintx ReservedCodeCacheSize                    = 251658240                              {pd product} {ergonomic}
     bool SegmentedCodeCache                       = true                                      {product} {ergonomic}
     bool ShowCodeDetailsInExceptionMessages       = true                                   {manageable} {command line}
   size_t SoftMaxHeapSize                          = 4223664128                             {manageable} {ergonomic}
     bool UseCompressedOops                        = true                           {product lp64_product} {ergonomic}
     bool UseG1GC                                  = true                                      {product} {ergonomic}
     bool UseLargePagesIndividualAllocation        = false                                  {pd product} {ergonomic}

Logging:
Log output configuration:
 #0: stdout all=warning uptime,level,tags foldmultilines=false
 #1: stderr all=off uptime,level,tags foldmultilines=false

Environment Variables:
PATH=C:/Users/theca/.p2/pool/plugins/org.eclipse.justj.openjdk.hotspot.jre.full.win32.x86_64_22.0.2.v20240802-1626/jre/bin/server;C:/Users/theca/.p2/pool/plugins/org.eclipse.justj.openjdk.hotspot.jre.full.win32.x86_64_22.0.2.v20240802-1626/jre/bin;C:\Program Files\Common Files\Oracle\Java\javapath;C:\Windows\system32;C:\Windows;C:\Windows\System32\Wbem;C:\Windows\System32\WindowsPowerShell\v1.0\;C:\Windows\System32\OpenSSH\;C:\Program Files (x86)\NVIDIA Corporation\PhysX\Common;C:\Program Files\dotnet\;C:\WINDOWS\system32;C:\WINDOWS;C:\WINDOWS\System32\Wbem;C:\WINDOWS\System32\WindowsPowerShell\v1.0\;C:\WINDOWS\System32\OpenSSH\;C:\Program Files\MATLAB\R2024b\bin;C:\Program Files\Git\cmd;C:\Users\theca\AppData\Local\Programs\Python\Python312;C:\Program Files\nodejs\;C:\ProgramData\chocolatey\bin;C:\Program Files\PuTTY\;C:\Users\theca\AppData\Local\Microsoft\WindowsApps;C:\Users\theca\AppData\Local\Programs\Microsoft VS Code\bin;C:\Users\theca\AppData\Local\GitHubDesktop\bin;C:\msys64\ucrt64\bin;C:\Users\theca\AppData\Roaming\npm;C:\MinGW\bin;;C:\WINDOWS\system32;
USERNAME=theca
OS=Windows_NT
PROCESSOR_IDENTIFIER=Intel64 Family 6 Model 141 Stepping 1, GenuineIntel
TMP=C:\Users\theca\AppData\Local\Temp
TEMP=C:\Users\theca\AppData\Local\Temp




Periodic native trim disabled

---------------  S Y S T E M  ---------------

OS:
 Windows 11 , 64 bit Build 26100 (10.0.26100.2454)
OS uptime: 3 days 4:13 hours

CPU: total 16 (initial active 16) (8 cores per cpu, 2 threads per core) family 6 model 141 stepping 1 microcode 0x52, cx8, cmov, fxsr, ht, mmx, 3dnowpref, sse, sse2, sse3, ssse3, sse4.1, sse4.2, popcnt, lzcnt, tsc, tscinvbit, avx, avx2, aes, erms, clmul, bmi1, bmi2, adx, avx512f, avx512dq, avx512cd, avx512bw, avx512vl, sha, fma, vzeroupper, avx512_vpopcntdq, avx512_vpclmulqdq, avx512_vaes, avx512_vnni, clflush, clflushopt, clwb, avx512_vbmi2, avx512_vbmi, rdtscp, rdpid, fsrm, gfni, avx512_bitalg, f16c, pku, cet_ibt, cet_ss, avx512_ifma
Processor Information for processor 0
  Max Mhz: 2304, Current Mhz: 2304, Mhz Limit: 2304
Processor Information for processor 1
  Max Mhz: 2304, Current Mhz: 2304, Mhz Limit: 2304
Processor Information for processor 2
  Max Mhz: 2304, Current Mhz: 2304, Mhz Limit: 2304
Processor Information for processor 3
  Max Mhz: 2304, Current Mhz: 2304, Mhz Limit: 2304
Processor Information for processor 4
  Max Mhz: 2304, Current Mhz: 2304, Mhz Limit: 2304
Processor Information for processor 5
  Max Mhz: 2304, Current Mhz: 2304, Mhz Limit: 2304
Processor Information for processor 6
  Max Mhz: 2304, Current Mhz: 2304, Mhz Limit: 2304
Processor Information for processor 7
  Max Mhz: 2304, Current Mhz: 2304, Mhz Limit: 2304
Processor Information for processor 8
  Max Mhz: 2304, Current Mhz: 2304, Mhz Limit: 2304
Processor Information for processor 9
  Max Mhz: 2304, Current Mhz: 2304, Mhz Limit: 2304
Processor Information for processor 10
  Max Mhz: 2304, Current Mhz: 2304, Mhz Limit: 2304
Processor Information for processor 11
  Max Mhz: 2304, Current Mhz: 2304, Mhz Limit: 2304
Processor Information for processor 12
  Max Mhz: 2304, Current Mhz: 2304, Mhz Limit: 2304
Processor Information for processor 13
  Max Mhz: 2304, Current Mhz: 1001, Mhz Limit: 2304
Processor Information for processor 14
  Max Mhz: 2304, Current Mhz: 2304, Mhz Limit: 2304
Processor Information for processor 15
  Max Mhz: 2304, Current Mhz: 2304, Mhz Limit: 2304

Memory: 4k page, system-wide physical 16110M (946M free)
TotalPageFile size 65078M (AvailPageFile size 218M)
current process WorkingSet (physical memory assigned to process): 537M, peak: 537M
current process commit charge ("private bytes"): 624M, peak: 1128M

vm_info: OpenJDK 64-Bit Server VM (22.0.2+9) for windows-amd64 JRE (22.0.2+9), built on 2024-07-16T00:00:00Z by "admin" with MS VC++ 17.7 (VS2022)

END.
